[2024-11-26 08:17:29] User 'Unknown User' melakukan logout.
[2024-11-26 08:17:42] User 'admin' berhasil login.
[2024-11-26 08:18:47] User 'admin' melakukan logout.
[2024-11-26 08:24:35] User 'admin' (Role: 'admin') berhasil login.
[2024-11-26 08:27:54] User 'admin' melakukan logout.
[2024-11-26 08:27:58] User 'admin' (Role: 'admin') berhasil login.
[2024-11-26 08:52:11] Produk ID 17 berhasil dihapus.
[2024-11-26 08:52:14] admin membuka form Tambah Data Produk.
[2024-11-26 08:52:33] admin gagal menyimpan produk: esoi. Error: Column 'stock' cannot be null
[2024-11-26 08:52:33] admin membuka form Tambah Data Produk.
[2024-11-26 08:52:55] admin berhasil menambahkan produk: esoi, harga: 3000, stock: 1
[2024-11-26 08:52:55] admin membuka form Tambah Data Produk.
[2024-11-26 08:53:14] admin membuka form Tambah Data Produk.
[2024-11-26 08:53:26] admin berhasil menambahkan produk: esoi, harga: 3000, stock: 0
[2024-11-26 09:47:20] User 'admin' (Role: 'admin') berhasil login.
[2024-11-26 09:47:20] Admin 'admin' mengakses halaman dashboard.
[2024-11-26 09:48:16] Produk ID 21 berhasil dihapus.
[2024-11-26 09:48:19] admin membuka form Edit Produk.
[2024-11-26 09:48:25] Produk ID 19 berhasil diperbarui.
[2024-11-26 09:48:29] admin membuka form Tambah Data Produk.
[2024-11-26 09:51:14] admin membuka form Tambah Data Produk.
[2024-11-26 09:51:34] admin - Berhasil menambahkan produk. | Data: {"nama":"ok","harga":"2000","stock":1}
[2024-11-26 09:54:11] admin membuka form Tambah Data Produk.
[2024-11-26 09:54:33] admin - Validasi gagal saat menambahkan produk. | Errors: {"nama":"Nama produk sudah ada, gunakan nama lain."}
[2024-11-26 09:54:33] admin membuka form Tambah Data Produk.
[2024-11-26 09:54:58] admin - Berhasil menambahkan produk. | Data: {"nama":"ok01","harga":"4000","stock":1}
[2024-11-26 09:55:53] admin membuka form Tambah Data Produk.
[2024-11-26 09:56:04] admin - Validasi gagal saat menambahkan produk. | Errors: {"nama":"Nama produk sudah ada, gunakan nama lain."}
[2024-11-26 09:56:04] admin membuka form Tambah Data Produk.
[2024-11-26 09:58:24] admin membuka form Tambah Data Produk.
[2024-11-26 09:58:36] admin - Validasi gagal saat menambahkan produk. | Errors: {"nama":"Nama produk sudah ada, gunakan nama lain."}
[2024-11-26 09:58:36] admin membuka form Tambah Data Produk.
[2024-11-26 10:01:38] admin membuka form Tambah Data Produk.
[2024-11-26 10:01:50] admin - Validasi gagal saat menambahkan produk. | Errors: {"nama":"Nama produk sudah ada, gunakan nama lain."}
[2024-11-26 10:01:50] admin membuka form Tambah Data Produk.
[2024-11-26 10:02:52] admin membuka form Tambah Data Produk.
[2024-11-26 10:03:55] admin membuka form Tambah Data Produk.
[2024-11-26 10:04:08] admin - Validasi gagal saat menambahkan produk. | Errors: {"nama":"Nama produk sudah ada, gunakan nama lain."}
[2024-11-26 10:04:08] admin membuka form Tambah Data Produk.
[2024-11-26 10:05:38] admin membuka form Tambah Data Produk.
[2024-11-26 10:05:42] admin membuka form Tambah Data Produk.
[2024-11-26 10:05:55] admin - Berhasil menambahkan produk. | Data: {"nama":"yes","harga":"2000","stock":1}
[2024-11-26 10:11:48] admin membuka form Tambah Data Produk.
[2024-11-26 10:12:02] admin - Validasi gagal saat menambahkan produk. | Errors: {"nama":"Nama produk sudah ada, gunakan nama lain."}
[2024-11-26 10:12:02] admin membuka form Tambah Data Produk.
[2024-11-26 10:15:05] admin membuka form Tambah Data Produk.
[2024-11-26 10:15:18] admin - Validasi gagal saat menambahkan produk. | Errors: {"nama":"Nama produk sudah ada, gunakan nama lain."}
[2024-11-26 10:15:18] admin membuka form Tambah Data Produk.
[2024-11-26 10:16:33] admin membuka form Tambah Data Produk.
[2024-11-26 10:19:45] admin membuka form Tambah Data Produk.
[2024-11-26 10:19:56] admin - Validasi gagal saat menambahkan produk. | Errors: {"nama":"Nama produk sudah ada, gunakan nama lain."}
[2024-11-26 10:19:57] admin membuka form Tambah Data Produk.
[2024-11-26 10:29:06] User 'admin' (Role: 'admin') berhasil login.
[2024-11-26 10:29:07] Admin 'admin' mengakses halaman dashboard.
[2024-11-26 10:29:14] admin membuka form Tambah Data Produk.
[2024-11-26 10:29:37] admin - Validasi gagal saat menambahkan produk. | Errors: {"nama":"Nama produk sudah ada, gunakan nama lain."}
[2024-11-26 10:29:37] admin membuka form Tambah Data Produk.
[2024-11-26 10:30:18] admin membuka form Tambah Data Produk.
[2024-11-26 10:30:57] admin membuka form Tambah Data Produk.
[2024-11-26 10:31:28] admin membuka form Tambah Data Produk.
[2024-11-26 13:57:48] User 'admin' (Role: 'admin') berhasil login.
[2024-11-26 13:57:48] Admin 'admin' mengakses halaman dashboard.
[2024-11-26 13:58:06] admin membuka form Tambah Data Produk.
[2024-11-26 13:58:24] admin - Validasi gagal saat menambahkan produk. | Errors: {"nama":"Nama produk sudah ada, gunakan nama lain."}
[2024-11-26 13:58:24] admin membuka form Tambah Data Produk.
[2024-11-26 13:59:29] User 'admin' (Role: 'admin') berhasil login.
[2024-11-26 13:59:29] Admin 'admin' mengakses halaman dashboard.
[2024-11-26 13:59:43] admin membuka form Tambah Data Produk.
[2024-11-26 14:00:04] admin - Validasi gagal saat menambahkan produk. | Errors: {"nama":"Nama produk sudah ada, gunakan nama lain."}
[2024-11-26 14:00:04] admin membuka form Tambah Data Produk.
[2024-11-26 14:00:26] admin membuka form Edit Produk.
[2024-11-26 14:00:35] Produk ID 24 berhasil diperbarui.
[2024-11-26 14:00:58] admin membuka form Edit Produk.
[2024-11-26 14:01:06] Produk ID 19 berhasil diperbarui.
[2024-11-26 14:10:41] admin membuka form Tambah Data Produk.
[2024-11-26 14:11:02] admin - Validasi gagal saat menambahkan produk. | Errors: {"nama":"Nama produk sudah ada, gunakan nama lain."}
[2024-11-26 14:11:02] admin membuka form Tambah Data Produk.
[2024-11-26 14:12:50] admin membuka form Tambah Data Produk.
[2024-11-26 14:13:09] admin - Validasi gagal saat menambahkan produk. | Errors: {"nama":"Nama produk sudah ada, gunakan nama lain."}
[2024-11-26 14:13:10] admin membuka form Tambah Data Produk.
[2024-11-26 14:13:42] admin - Validasi gagal saat menambahkan produk. | Errors: {"nama":"Nama produk sudah ada, gunakan nama lain."}
[2024-11-26 14:13:42] admin membuka form Tambah Data Produk.
[2024-11-26 14:13:46] admin membuka form Tambah Data Produk.
[2024-11-26 14:13:59] admin - Validasi gagal saat menambahkan produk. | Errors: {"nama":"Nama produk sudah ada, gunakan nama lain."}
[2024-11-26 14:13:59] admin membuka form Tambah Data Produk.
[2024-11-26 14:17:23] admin - Validasi gagal saat menambahkan produk. | Errors: {"nama":"Nama produk sudah ada, gunakan nama lain."}
[2024-11-26 14:17:24] admin membuka form Tambah Data Produk.
[2024-11-26 14:17:35] admin membuka form Tambah Data Produk.
[2024-11-26 14:17:48] admin - Validasi gagal saat menambahkan produk. | Errors: {"nama":"Nama produk sudah ada, gunakan nama lain."}
[2024-11-26 14:17:49] admin membuka form Tambah Data Produk.
[2024-11-26 14:24:35] admin - Validasi gagal saat menambahkan produk. | Errors: {"nama":"Nama produk sudah ada, gunakan nama lain.","gambar":"Gambar produk wajib diunggah."}
[2024-11-26 14:24:35] admin membuka form Tambah Data Produk.
[2024-11-26 14:25:33] admin - Validasi gagal saat menambahkan produk. | Errors: {"nama":"Nama produk sudah ada, gunakan nama lain.","gambar":"Gambar produk wajib diunggah."}
[2024-11-26 14:25:33] admin membuka form Tambah Data Produk.
[2024-11-26 14:27:10] admin membuka form Tambah Data Produk.
[2024-11-26 14:27:31] admin - Validasi gagal saat menambahkan produk. | Errors: {"nama":"Nama produk sudah ada, gunakan nama lain."}
[2024-11-26 14:27:52] admin membuka form Tambah Data Produk.
[2024-11-26 14:28:30] admin membuka form Tambah Data Produk.
[2024-11-26 14:28:37] admin - Validasi gagal saat menambahkan produk. | Errors: {"nama":"Nama produk sudah ada, gunakan nama lain.","harga":"Harga produk wajib diisi.","gambar":"Gambar produk wajib diunggah."}
[2024-11-26 14:28:38] admin membuka form Tambah Data Produk.
[2024-11-26 14:28:57] admin - Validasi gagal saat menambahkan produk. | Errors: {"nama":"Nama produk sudah ada, gunakan nama lain."}
[2024-11-26 14:28:57] admin membuka form Tambah Data Produk.
[2024-11-26 14:29:50] admin - Validasi gagal saat menambahkan produk. | Errors: {"nama":"Nama produk sudah ada, gunakan nama lain.","gambar":"Gambar produk wajib diunggah."}
[2024-11-26 14:29:50] admin membuka form Tambah Data Produk.
[2024-11-26 14:30:10] admin - Validasi gagal saat menambahkan produk. | Errors: {"nama":"Nama produk sudah ada, gunakan nama lain."}
[2024-11-26 14:30:10] admin membuka form Tambah Data Produk.
[2024-11-26 14:31:18] admin - Validasi gagal saat menambahkan produk. | Errors: {"nama":"Nama produk sudah ada, gunakan nama lain.","gambar":"Gambar produk wajib diunggah."}
[2024-11-26 14:31:18] admin membuka form Tambah Data Produk.
[2024-11-26 14:31:37] admin - Validasi gagal saat menambahkan produk. | Errors: {"nama":"Nama produk sudah ada, gunakan nama lain."}
[2024-11-26 14:31:37] admin membuka form Tambah Data Produk.
[2024-11-26 14:33:26] admin - Validasi gagal saat menambahkan produk. | Errors: {"nama":"Nama produk sudah ada, gunakan nama lain.","gambar":"Gambar produk wajib diunggah."}
[2024-11-26 14:33:26] admin membuka form Tambah Data Produk.
[2024-11-26 14:34:19] admin membuka form Tambah Data Produk.
[2024-11-26 14:34:24] admin - Validasi gagal saat menambahkan produk. | Errors: {"nama":"Nama produk wajib diisi.","harga":"Harga produk wajib diisi.","gambar":"Gambar produk wajib diunggah."}
[2024-11-26 14:34:24] admin membuka form Tambah Data Produk.
[2024-11-26 14:34:48] admin membuka form Edit Produk.
[2024-11-26 14:34:55] Error memperbarui produk: Harga produk harus berupa angka positif.
[2024-11-26 14:40:24] admin membuka form Edit Produk.
[2024-11-26 14:40:34] Error memperbarui produk: Nama produk wajib diisi.
[2024-11-26 14:40:35] admin membuka form Edit Produk.
[2024-11-26 14:41:59] admin membuka form Edit Produk.
[2024-11-26 14:42:08] Error memperbarui produk: Nama produk wajib diisi.
[2024-11-26 14:42:08] admin membuka form Edit Produk.
[2024-11-26 14:46:55] admin membuka form Edit Produk.
[2024-11-26 14:47:07] Validasi gagal: {"nama":"Nama produk wajib diisi."}
[2024-11-26 14:47:07] Error memperbarui produk: {"nama":"Nama produk wajib diisi."}
[2024-11-26 14:47:07] admin membuka form Edit Produk.
[2024-11-26 14:47:27] admin membuka form Edit Produk.
[2024-11-26 14:47:33] Validasi gagal: {"nama":"Nama produk wajib diisi."}
[2024-11-26 14:47:33] Error memperbarui produk: {"nama":"Nama produk wajib diisi."}
[2024-11-26 14:47:33] admin membuka form Edit Produk.
[2024-11-26 14:47:50] admin membuka form Tambah Data Produk.
[2024-11-26 14:47:55] admin - Validasi gagal saat menambahkan produk. | Errors: {"nama":"Nama produk wajib diisi.","harga":"Harga produk wajib diisi.","gambar":"Gambar produk wajib diunggah."}
[2024-11-26 14:47:55] admin membuka form Tambah Data Produk.
[2024-11-26 14:49:54] admin membuka form Edit Produk.
[2024-11-26 14:50:02] Validasi gagal: {"nama":"Nama produk wajib diisi."}
[2024-11-26 14:50:02] Error memperbarui produk: {"nama":"Nama produk wajib diisi."}
[2024-11-26 14:50:02] admin membuka form Edit Produk.
[2024-11-26 15:56:17] Validasi gagal: {"nama":"Nama produk wajib diisi."}
[2024-11-26 15:56:17] Error memperbarui produk: {"nama":"Nama produk wajib diisi."}
[2024-11-26 15:56:17] admin membuka form Edit Produk.
[2024-11-26 15:57:37] admin membuka form Edit Produk.
[2024-11-26 15:57:49] Validasi gagal: {"nama":"Nama produk wajib diisi."}
[2024-11-26 15:57:49] Error memperbarui produk: {"nama":"Nama produk wajib diisi."}
[2024-11-26 15:57:49] admin membuka form Edit Produk.
[2024-11-26 15:58:02] admin membuka form Edit Produk.
[2024-11-26 15:58:22] admin membuka form Edit Produk.
[2024-11-26 15:59:20] Validasi gagal: {"nama":"Nama produk wajib diisi."}
[2024-11-26 15:59:20] Error memperbarui produk: {"nama":"Nama produk wajib diisi."}
[2024-11-26 15:59:20] admin membuka form Edit Produk.
[2024-11-26 16:01:48] Validasi gagal: {"nama":"Nama produk wajib diisi."}
[2024-11-26 16:01:48] Error memperbarui produk: {"nama":"Nama produk wajib diisi."}
[2024-11-26 16:01:48] admin membuka form Edit Produk.
[2024-11-26 16:01:58] admin membuka form Edit Produk.
[2024-11-26 16:02:10] Validasi gagal: {"nama":"Nama produk wajib diisi."}
[2024-11-26 16:02:10] Error memperbarui produk: {"nama":"Nama produk wajib diisi."}
[2024-11-26 16:02:10] admin membuka form Edit Produk.
[2024-11-26 16:02:53] admin membuka form Edit Produk.
[2024-11-26 16:03:54] admin membuka form Edit Produk.
[2024-11-26 16:04:07] Validasi gagal: {"nama":"Nama produk wajib diisi.","harga":"Harga produk harus berupa angka positif."}
[2024-11-26 16:04:07] Error memperbarui produk: {"nama":"Nama produk wajib diisi.","harga":"Harga produk harus berupa angka positif."}
[2024-11-26 16:04:07] admin membuka form Edit Produk.
[2024-11-26 16:04:33] admin membuka form Edit Produk.
[2024-11-26 16:07:04] admin membuka form Edit Produk.
[2024-11-26 16:07:33] admin membuka form Edit Produk.
[2024-11-26 16:12:48] Validasi gagal: {"nama":"Nama produk wajib diisi."}
[2024-11-26 16:12:48] Error memperbarui produk: {"nama":"Nama produk wajib diisi."}
[2024-11-26 16:12:48] admin membuka form Edit Produk.
[2024-11-26 16:16:38] Validasi gagal: {"nama":"Nama produk wajib diisi."}
[2024-11-26 16:16:38] Error memperbarui produk: {"nama":"Nama produk wajib diisi."}
[2024-11-26 16:16:38] admin membuka form Edit Produk.
[2024-11-26 16:17:02] admin membuka form Edit Produk.
[2024-11-26 16:17:11] Validasi gagal: {"nama":"Nama produk wajib diisi.","harga":"Harga produk harus berupa angka positif."}
[2024-11-26 16:17:11] Error memperbarui produk: {"nama":"Nama produk wajib diisi.","harga":"Harga produk harus berupa angka positif."}
[2024-11-26 16:17:11] admin membuka form Edit Produk.
[2024-11-26 16:17:28] admin membuka form Tambah Data Produk.
[2024-11-26 16:17:33] admin - Validasi gagal saat menambahkan produk. | Errors: {"nama":"Nama produk wajib diisi.","harga":"Harga produk wajib diisi.","gambar":"Gambar produk wajib diunggah."}
[2024-11-26 16:17:33] admin membuka form Tambah Data Produk.
[2024-11-26 16:18:31] admin membuka form Edit Produk.
[2024-11-26 16:18:40] Validasi gagal: {"harga":"Harga produk harus berupa angka positif."}
[2024-11-26 16:18:40] Error memperbarui produk: {"harga":"Harga produk harus berupa angka positif."}
[2024-11-26 16:18:40] admin membuka form Edit Produk.
[2024-11-26 16:19:10] Validasi gagal: {"harga":"Harga produk harus berupa angka positif atau terisi."}
[2024-11-26 16:19:10] Error memperbarui produk: {"harga":"Harga produk harus berupa angka positif atau terisi."}
[2024-11-26 16:19:10] admin membuka form Edit Produk.
[2024-11-26 16:19:25] admin membuka form Tambah Data Produk.
[2024-11-26 16:19:30] admin - Validasi gagal saat menambahkan produk. | Errors: {"nama":"Nama produk wajib diisi.","harga":"Harga produk wajib diisi.","gambar":"Gambar produk wajib diunggah."}
[2024-11-26 16:19:30] admin membuka form Tambah Data Produk.
[2024-11-26 16:19:48] admin membuka form Tambah Data Produk.
[2024-11-26 16:20:02] admin - Validasi gagal saat menambahkan produk. | Errors: {"nama":"Nama produk sudah ada, gunakan nama lain."}
[2024-11-26 16:20:02] admin membuka form Tambah Data Produk.
[2024-11-26 16:20:11] admin - Validasi gagal saat menambahkan produk. | Errors: {"gambar":"Gambar produk wajib diunggah."}
[2024-11-26 16:20:11] admin membuka form Tambah Data Produk.
[2024-11-26 16:20:21] admin - Berhasil menambahkan produk. | Data: {"nama":"ok1","harga":"1000","stock":0}
[2024-11-26 16:29:31] admin membuka form Tambah Data Produk.
[2024-11-26 16:29:55] admin membuka form Edit Produk.
[2024-11-26 16:37:46] admin membuka form Tambah Data Produk.
[2024-11-26 16:44:47] admin membuka form Tambah Data Produk.
[2024-11-26 22:46:34] admin membuka form Tambah Data Produk.
[2024-11-26 22:47:14] admin membuka form Edit Produk.
[2024-11-26 22:50:40] [info] - admin membuka form Tambah Data Produk.
[2024-11-26 22:51:03] [success] - admin - Berhasil menambahkan produk. | Data: {"nama":"yesyes","harga":"1000","stock":1}
[2024-11-26 22:54:57] [info] - admin membuka form Edit Produk.
[2024-11-26 22:55:10] [success] - Produk ID 19 berhasil diperbarui. Data: {"nama":"es oke 01 ","harga":"3000","stock":1} | Gambar: mountain-3.jpg
[2024-11-26 22:57:06] [info] - admin membuka form Tambah Data Produk.
[2024-11-26 22:57:16] [error] - admin - Validasi gagal saat menambahkan produk. | Errors: {"nama":"Nama produk wajib diisi.","harga":"Harga produk wajib diisi.","gambar":"Gambar produk wajib diunggah."}
[2024-11-26 22:57:16] [info] - admin membuka form Tambah Data Produk.
[2024-11-26 23:00:46] [info] - admin membuka form Tambah Data Produk.
[2024-11-26 23:01:08] [success] - admin - Berhasil menambahkan produk. | Data: {"nama":"okok02","harga":"2000","stock":0}
[2024-11-26 23:06:34] [info] - admin membuka form Edit Produk.
[2024-11-26 23:07:01] [info] - admin membuka form Tambah Data Produk.
[2024-11-26 23:07:23] [success] - admin - Berhasil menambahkan produk. | Data: {"nama":"ok03","harga":"1000","stock":"Kosong"}
[2024-11-27 08:50:04] [info] - Admin 'admin' mengakses halaman dashboard.
[2024-11-27 08:51:01] [info] - admin membuka form Tambah Data Produk.
[2024-11-27 08:51:17] [success] - admin - Berhasil menambahkan produk. | Data: {"nama":"tester01","harga":"2000","stock":0}
[2024-11-27 08:51:34] [info] - admin membuka form Tambah Data Produk.
[2024-11-27 08:51:51] [success] - admin - Berhasil menambahkan produk. | Data: {"nama":"test02","harga":"20000","stock":0}
[2024-11-27 08:55:22] [info] - Admin 'admin' mengakses halaman dashboard.
[2024-11-27 08:59:12] [info] - Admin 'admin' mengakses halaman dashboard.
[2024-11-27 09:40:05] [info] - Admin 'admin' mengakses halaman dashboard.
[2024-11-27 09:40:28] [info] - Admin 'admin' mengakses halaman dashboard.
[2024-11-27 09:40:50] [info] - Admin 'admin' mengakses halaman dashboard.
[2024-11-27 09:42:45] [info] - Admin 'admin' mengakses halaman dashboard.
[2024-11-27 09:47:40] [info] - Admin 'admin' mengakses halaman dashboard.
[2024-11-27 09:48:01] [info] - Admin 'admin' mengakses halaman dashboard.
[2024-11-27 09:48:17] [info] - Admin 'admin' mengakses halaman dashboard.
[2024-11-27 09:48:50] [info] - Admin 'admin' mengakses halaman dashboard.
[2024-11-27 09:48:53] [info] - Admin 'admin' mengakses halaman dashboard.
[2024-11-27 10:29:18] [info] - Admin 'admin' mengakses halaman dashboard.
[2024-11-27 10:47:39] [info] - admin membuka form Tambah Data Produk.
[2024-11-27 10:51:51] [success] - admin - Berhasil menambahkan produk. | Data: {"nama":"tester03","harga":"2000","stock":0}
[2024-11-27 10:52:11] [info] - admin membuka form Edit Produk.
[2024-11-27 10:52:22] [success] - Produk ID 32 berhasil diperbarui. Data: {"nama":"tester04","harga":"2000","stock":0} | Gambar: mointain-35.jpg
[2024-11-27 10:53:16] [info] - Admin 'admin' mengakses halaman dashboard.
[2024-11-27 10:58:10] [info] - Admin 'admin' mengakses halaman dashboard.
[2024-11-27 10:59:48] [info] - Admin 'admin' mengakses halaman dashboard.
[2024-11-27 11:00:54] [info] - Admin 'admin' mengakses halaman dashboard.
[2024-11-27 11:02:35] [info] - Admin 'admin' mengakses halaman dashboard.
[2024-11-27 11:06:30] [info] - Admin 'admin' mengakses halaman dashboard.
[2024-11-27 11:07:36] [info] - Admin 'admin' mengakses halaman dashboard.
[2024-11-27 11:09:15] [info] - Admin 'admin' mengakses halaman dashboard.
[2024-11-27 11:11:08] [info] - Admin 'admin' mengakses halaman dashboard.
[2024-11-27 11:12:26] [info] - Admin 'admin' mengakses halaman dashboard.
[2024-11-27 11:14:30] [info] - Admin 'admin' mengakses halaman dashboard.
[2024-11-27 11:15:09] [info] - Admin 'admin' mengakses halaman dashboard.
[2024-11-27 11:19:11] [info] - Admin 'admin' mengakses halaman dashboard.
[2024-11-27 11:19:40] [info] - Admin 'admin' mengakses halaman dashboard.
[2024-11-27 11:20:51] [info] - Admin 'admin' mengakses halaman dashboard.
[2024-11-27 17:52:27] [info] - Admin 'admin' mengakses halaman dashboard.
[2024-11-27 17:53:04] [info] - Admin 'admin' mengakses halaman dashboard.
[2024-11-27 17:57:45] [info] - admin membuka form Edit Produk.
[2024-11-27 17:57:55] [success] - Produk ID 22 berhasil diperbarui. Data: {"nama":"esoi 1","harga":"3000","stock":0} | Gambar: mountain-2.jpg
[2024-11-27 17:58:02] [info] - Admin 'admin' mengakses halaman dashboard.
[2024-11-27 17:59:00] [info] - Admin 'admin' mengakses halaman dashboard.
[2024-11-27 18:05:07] [info] - Admin 'admin' mengakses halaman dashboard.
[2024-11-27 18:09:00] [info] - Admin 'admin' mengakses halaman dashboard.
[2024-11-27 18:14:08] [INFO] [File: C:\xampp\htdocs\projectakhir\php-native-dashboard\dashboard\admin_dashboard.php] [Line: 13] - Admin 'admin' mengakses halaman dashboard.
[2024-11-27 22:25:25] [INFO] [File: C:\xampp\htdocs\projectakhir\php-native-dashboard\dashboard\admin_dashboard.php] [Line: 13] - Admin 'admin' mengakses halaman dashboard.
[2024-11-27 22:26:11] [INFO] [File: C:\xampp\htdocs\projectakhir\php-native-dashboard\dashboard\admin_dashboard.php] [Line: 13] - Admin 'admin' mengakses halaman dashboard.
[2024-11-28 07:22:43] [INFO] [File: C:\xampp\htdocs\projectakhir_esteh\dashboard\admin_dashboard.php] [Line: 13] - Admin 'admin' mengakses halaman dashboard.
[2024-11-28 07:25:57] [INFO] [File: C:\xampp\htdocs\projectakhir_esteh\dashboard\admin_dashboard.php] [Line: 13] - Admin 'admin' mengakses halaman dashboard.
[2024-11-28 07:26:25] [INFO] [File: C:\xampp\htdocs\projectakhir_esteh\produk\create.php] [Line: 39] - admin membuka form Tambah Data Produk.
[2024-11-28 07:26:38] [INFO] [File: C:\xampp\htdocs\projectakhir_esteh\dashboard\admin_dashboard.php] [Line: 13] - Admin 'admin' mengakses halaman dashboard.
[2024-11-28 07:45:10] [INFO] [File: C:\xampp\htdocs\projectakhir_esteh\produk\edit.php] [Line: 62] - admin membuka form Edit Produk.
[2024-11-28 07:45:22] [INFO] [File: C:\xampp\htdocs\projectakhir_esteh\dashboard\admin_dashboard.php] [Line: 13] - Admin 'admin' mengakses halaman dashboard.
